[{"stream_name":"stderr","time":9.014593334,"data":"/opt/conda/lib/python3.10/site-packages/scipy/__init__.py:146: UserWarning: A NumPy version \u003e=1.16.5 and \u003c1.23.0 is required for this version of SciPy (detected version 1.23.5\n"}
,{"stream_name":"stderr","time":9.014649855,"data":"  warnings.warn(f\"A NumPy version \u003e={np_minversion} and \u003c{np_maxversion}\"\n"}
,{"stream_name":"stdout","time":18.864777285,"data":"The complete dataset contains 1856 observations.\n"}
,{"stream_name":"stdout","time":31.258218234,"data":"The dataset contains 552 observations with contrails in them.\n"}
,{"stream_name":"stdout","time":31.258256153,"data":"CPU times: user 809 ms, sys: 501 ms, total: 1.31 s\n"}
,{"stream_name":"stdout","time":31.258262866,"data":"Wall time: 12.7 s\n"}
,{"stream_name":"stdout","time":38.108389069,"data":"The complete dataset contains 20529 observations.\n"}
,{"stream_name":"stdout","time":194.263297487,"data":"The dataset contains 9259 observations with contrails in them.\n"}
,{"stream_name":"stdout","time":194.263337436,"data":"CPU times: user 9.29 s, sys: 5.45 s, total: 14.7 s\n"}
,{"stream_name":"stdout","time":194.263344726,"data":"Wall time: 2min 36s\n"}
,{"stream_name":"stdout","time":194.458601316,"data":"CPU times: user 6 µs, sys: 2 µs, total: 8 µs\n"}
,{"stream_name":"stdout","time":194.458623297,"data":"Wall time: 12.9 µs\n"}
,{"stream_name":"stdout","time":194.522350894,"data":"CPU times: user 5 µs, sys: 2 µs, total: 7 µs\n"}
,{"stream_name":"stdout","time":194.52237502,"data":"Wall time: 10.7 µs\n"}
,{"stream_name":"stdout","time":200.221148657,"data":"Model: \"U-Net\"\n"}
,{"stream_name":"stdout","time":200.225549555,"data":"__________________________________________________________________________________________________\n"}
,{"stream_name":"stdout","time":200.227192968,"data":" Layer (type)                   Output Shape         Param #     Connected to                     \n"}
,{"stream_name":"stdout","time":200.228716468,"data":"==================================================================================================\n"}
,{"stream_name":"stdout","time":200.230199465,"data":" input_1 (InputLayer)           [(None, 256, 256, 3  0           []                               \n"}
,{"stream_name":"stdout","time":200.2316986,"data":"                                )]                                                                \n"}
,{"stream_name":"stdout","time":200.233185531,"data":"                                                                                                  \n"}
,{"stream_name":"stdout","time":200.234755539,"data":" conv2d (Conv2D)                (None, 256, 256, 64  1792        ['input_1[0][0]']                \n"}
,{"stream_name":"stdout","time":200.236294942,"data":"                                )                                                                 \n"}
,{"stream_name":"stdout","time":200.237744748,"data":"                                                                                                  \n"}
,{"stream_name":"stdout","time":200.239143412,"data":" conv2d_1 (Conv2D)              (None, 256, 256, 64  36928       ['conv2d[0][0]']                 \n"}
,{"stream_name":"stdout","time":200.240583133,"data":"                                )                                                                 \n"}
,{"stream_name":"stdout","time":200.24204085,"data":"                                                                                                  \n"}
,{"stream_name":"stdout","time":200.243512135,"data":" max_pooling2d (MaxPooling2D)   (None, 128, 128, 64  0           ['conv2d_1[0][0]']               \n"}
,{"stream_name":"stdout","time":200.24514731,"data":"                                )                                                                 \n"}
,{"stream_name":"stdout","time":200.246719356,"data":"                                                                                                  \n"}
,{"stream_name":"stdout","time":200.248238981,"data":" dropout (Dropout)              (None, 128, 128, 64  0           ['max_pooling2d[0][0]']          \n"}
,{"stream_name":"stdout","time":200.249824638,"data":"                                )                                                                 \n"}
,{"stream_name":"stdout","time":200.251318533,"data":"                                                                                                  \n"}
,{"stream_name":"stdout","time":200.252777003,"data":" conv2d_2 (Conv2D)              (None, 128, 128, 12  73856       ['dropout[0][0]']                \n"}
,{"stream_name":"stdout","time":200.254390452,"data":"                                8)                                                                \n"}
,{"stream_name":"stdout","time":200.255860299,"data":"                                                                                                  \n"}
,{"stream_name":"stdout","time":200.257381816,"data":" conv2d_3 (Conv2D)              (None, 128, 128, 12  147584      ['conv2d_2[0][0]']               \n"}
,{"stream_name":"stdout","time":200.258870774,"data":"                                8)                                                                \n"}
,{"stream_name":"stdout","time":200.260392683,"data":"                                                                                                  \n"}
,{"stream_name":"stdout","time":200.261938564,"data":" max_pooling2d_1 (MaxPooling2D)  (None, 64, 64, 128)  0          ['conv2d_3[0][0]']               \n"}
,{"stream_name":"stdout","time":200.263450221,"data":"                                                                                                  \n"}
,{"stream_name":"stdout","time":200.265014771,"data":" dropout_1 (Dropout)            (None, 64, 64, 128)  0           ['max_pooling2d_1[0][0]']        \n"}
,{"stream_name":"stdout","time":200.266505095,"data":"                                                                                                  \n"}
,{"stream_name":"stdout","time":200.268008226,"data":" conv2d_4 (Conv2D)              (None, 64, 64, 256)  295168      ['dropout_1[0][0]']              \n"}
,{"stream_name":"stdout","time":200.269503429,"data":"                                                                                                  \n"}
,{"stream_name":"stdout","time":200.271082063,"data":" conv2d_5 (Conv2D)              (None, 64, 64, 256)  590080      ['conv2d_4[0][0]']               \n"}
,{"stream_name":"stdout","time":200.272590808,"data":"                                                                                                  \n"}
,{"stream_name":"stdout","time":200.274110185,"data":" max_pooling2d_2 (MaxPooling2D)  (None, 32, 32, 256)  0          ['conv2d_5[0][0]']               \n"}
,{"stream_name":"stdout","time":200.275620928,"data":"                                                                                                  \n"}
,{"stream_name":"stdout","time":200.277189088,"data":" dropout_2 (Dropout)            (None, 32, 32, 256)  0           ['max_pooling2d_2[0][0]']        \n"}
,{"stream_name":"stdout","time":200.279108289,"data":"                                                                                                  \n"}
,{"stream_name":"stdout","time":200.281465428,"data":" conv2d_6 (Conv2D)              (None, 32, 32, 512)  1180160     ['dropout_2[0][0]']              \n"}
,{"stream_name":"stdout","time":200.283393551,"data":"                                                                                                  \n"}
,{"stream_name":"stdout","time":200.284923743,"data":" conv2d_7 (Conv2D)              (None, 32, 32, 512)  2359808     ['conv2d_6[0][0]']               \n"}
,{"stream_name":"stdout","time":200.286464385,"data":"                                                                                                  \n"}
,{"stream_name":"stdout","time":200.288135139,"data":" max_pooling2d_3 (MaxPooling2D)  (None, 16, 16, 512)  0          ['conv2d_7[0][0]']               \n"}
,{"stream_name":"stdout","time":200.289780799,"data":"                                                                                                  \n"}
,{"stream_name":"stdout","time":200.291386002,"data":" dropout_3 (Dropout)            (None, 16, 16, 512)  0           ['max_pooling2d_3[0][0]']        \n"}
,{"stream_name":"stdout","time":200.292951093,"data":"                                                                                                  \n"}
,{"stream_name":"stdout","time":200.300295846,"data":" conv2d_8 (Conv2D)              (None, 16, 16, 1024  4719616     ['dropout_3[0][0]']              \n"}
,{"stream_name":"stdout","time":200.305782241,"data":"                                )                                                                 \n"}
,{"stream_name":"stdout","time":200.307299717,"data":"                                                                                                  \n"}
,{"stream_name":"stdout","time":200.312141856,"data":" conv2d_9 (Conv2D)              (None, 16, 16, 1024  9438208     ['conv2d_8[0][0]']               \n"}
,{"stream_name":"stdout","time":200.314592504,"data":"                                )                                                                 \n"}
,{"stream_name":"stdout","time":200.319116032,"data":"                                                                                                  \n"}
,{"stream_name":"stdout","time":200.32057155,"data":" conv2d_transpose (Conv2DTransp  (None, 32, 32, 512)  4719104    ['conv2d_9[0][0]']               \n"}
,{"stream_name":"stdout","time":200.322091888,"data":" ose)                                                                                             \n"}
,{"stream_name":"stdout","time":200.323689329,"data":"                                                                                                  \n"}
,{"stream_name":"stdout","time":200.32514041,"data":" concatenate (Concatenate)      (None, 32, 32, 1024  0           ['conv2d_transpose[0][0]',       \n"}
,{"stream_name":"stdout","time":200.326686907,"data":"                                )                                 'conv2d_7[0][0]']               \n"}
,{"stream_name":"stdout","time":200.328298675,"data":"                                                                                                  \n"}
,{"stream_name":"stdout","time":200.330561458,"data":" dropout_4 (Dropout)            (None, 32, 32, 1024  0           ['concatenate[0][0]']            \n"}
,{"stream_name":"stdout","time":200.331956531,"data":"                                )                                                                 \n"}
,{"stream_name":"stdout","time":200.333333489,"data":"                                                                                                  \n"}
,{"stream_name":"stdout","time":200.334762777,"data":" conv2d_10 (Conv2D)             (None, 32, 32, 512)  4719104     ['dropout_4[0][0]']              \n"}
,{"stream_name":"stdout","time":200.336247859,"data":"                                                                                                  \n"}
,{"stream_name":"stdout","time":200.337669364,"data":" conv2d_11 (Conv2D)             (None, 32, 32, 512)  2359808     ['conv2d_10[0][0]']              \n"}
,{"stream_name":"stdout","time":200.339059666,"data":"                                                                                                  \n"}
,{"stream_name":"stdout","time":200.340533605,"data":" conv2d_transpose_1 (Conv2DTran  (None, 64, 64, 256)  1179904    ['conv2d_11[0][0]']              \n"}
,{"stream_name":"stdout","time":200.342145255,"data":" spose)                                                                                           \n"}
,{"stream_name":"stdout","time":200.34365737,"data":"                                                                                                  \n"}
,{"stream_name":"stdout","time":200.345239815,"data":" concatenate_1 (Concatenate)    (None, 64, 64, 512)  0           ['conv2d_transpose_1[0][0]',     \n"}
,{"stream_name":"stdout","time":200.346689735,"data":"                                                                  'conv2d_5[0][0]']               \n"}
,{"stream_name":"stdout","time":200.348174386,"data":"                                                                                                  \n"}
,{"stream_name":"stdout","time":200.349783803,"data":" dropout_5 (Dropout)            (None, 64, 64, 512)  0           ['concatenate_1[0][0]']          \n"}
,{"stream_name":"stdout","time":200.351400665,"data":"                                                                                                  \n"}
,{"stream_name":"stdout","time":200.353043218,"data":" conv2d_12 (Conv2D)             (None, 64, 64, 256)  1179904     ['dropout_5[0][0]']              \n"}
,{"stream_name":"stdout","time":200.354545864,"data":"                                                                                                  \n"}
,{"stream_name":"stdout","time":200.356089997,"data":" conv2d_13 (Conv2D)             (None, 64, 64, 256)  590080      ['conv2d_12[0][0]']              \n"}
,{"stream_name":"stdout","time":200.35742248,"data":"                                                                                                  \n"}
,{"stream_name":"stdout","time":200.358524485,"data":" conv2d_transpose_2 (Conv2DTran  (None, 128, 128, 12  295040     ['conv2d_13[0][0]']              \n"}
,{"stream_name":"stdout","time":200.359599383,"data":" spose)                         8)                                                                \n"}
,{"stream_name":"stdout","time":200.36072667,"data":"                                                                                                  \n"}
,{"stream_name":"stdout","time":200.361783231,"data":" concatenate_2 (Concatenate)    (None, 128, 128, 25  0           ['conv2d_transpose_2[0][0]',     \n"}
,{"stream_name":"stdout","time":200.362960607,"data":"                                6)                                'conv2d_3[0][0]']               \n"}
,{"stream_name":"stdout","time":200.364017756,"data":"                                                                                                  \n"}
,{"stream_name":"stdout","time":200.365082157,"data":" dropout_6 (Dropout)            (None, 128, 128, 25  0           ['concatenate_2[0][0]']          \n"}
,{"stream_name":"stdout","time":200.366135514,"data":"                                6)                                                                \n"}
,{"stream_name":"stdout","time":200.367257388,"data":"                                                                                                  \n"}
,{"stream_name":"stdout","time":200.368342222,"data":" conv2d_14 (Conv2D)             (None, 128, 128, 12  295040      ['dropout_6[0][0]']              \n"}
,{"stream_name":"stdout","time":200.369416829,"data":"                                8)                                                                \n"}
,{"stream_name":"stdout","time":200.370485396,"data":"                                                                                                  \n"}
,{"stream_name":"stdout","time":200.371647452,"data":" conv2d_15 (Conv2D)             (None, 128, 128, 12  147584      ['conv2d_14[0][0]']              \n"}
,{"stream_name":"stdout","time":200.37275786,"data":"                                8)                                                                \n"}
,{"stream_name":"stdout","time":200.373816525,"data":"                                                                                                  \n"}
,{"stream_name":"stdout","time":200.374921445,"data":" conv2d_transpose_3 (Conv2DTran  (None, 256, 256, 64  73792      ['conv2d_15[0][0]']              \n"}
,{"stream_name":"stdout","time":200.376020395,"data":" spose)                         )                                                                 \n"}
,{"stream_name":"stdout","time":200.377195806,"data":"                                                                                                  \n"}
,{"stream_name":"stdout","time":200.378263523,"data":" concatenate_3 (Concatenate)    (None, 256, 256, 12  0           ['conv2d_transpose_3[0][0]',     \n"}
,{"stream_name":"stdout","time":200.379322258,"data":"                                8)                                'conv2d_1[0][0]']               \n"}
,{"stream_name":"stdout","time":200.380383716,"data":"                                                                                                  \n"}
,{"stream_name":"stdout","time":200.381444314,"data":" dropout_7 (Dropout)            (None, 256, 256, 12  0           ['concatenate_3[0][0]']          \n"}
,{"stream_name":"stdout","time":200.382526384,"data":"                                8)                                                                \n"}
,{"stream_name":"stdout","time":200.383614759,"data":"                                                                                                  \n"}
,{"stream_name":"stdout","time":200.384660612,"data":" conv2d_16 (Conv2D)             (None, 256, 256, 64  73792       ['dropout_7[0][0]']              \n"}
,{"stream_name":"stdout","time":200.385702053,"data":"                                )                                                                 \n"}
,{"stream_name":"stdout","time":200.386802257,"data":"                                                                                                  \n"}
,{"stream_name":"stdout","time":200.388009708,"data":" conv2d_17 (Conv2D)             (None, 256, 256, 64  36928       ['conv2d_16[0][0]']              \n"}
,{"stream_name":"stdout","time":200.389168658,"data":"                                )                                                                 \n"}
,{"stream_name":"stdout","time":200.390249103,"data":"                                                                                                  \n"}
,{"stream_name":"stdout","time":200.391391375,"data":" conv2d_18 (Conv2D)             (None, 256, 256, 1)  65          ['conv2d_17[0][0]']              \n"}
,{"stream_name":"stdout","time":200.392469231,"data":"                                                                                                  \n"}
,{"stream_name":"stdout","time":200.393621632,"data":"==================================================================================================\n"}
,{"stream_name":"stdout","time":200.394830389,"data":"Total params: 34,513,345\n"}
,{"stream_name":"stdout","time":200.395918511,"data":"Trainable params: 34,513,345\n"}
,{"stream_name":"stdout","time":200.397033864,"data":"Non-trainable params: 0\n"}
,{"stream_name":"stdout","time":200.398117348,"data":"__________________________________________________________________________________________________\n"}
,{"stream_name":"stdout","time":200.591442192,"data":"CPU times: user 5 µs, sys: 0 ns, total: 5 µs\n"}
,{"stream_name":"stdout","time":200.591466228,"data":"Wall time: 8.34 µs\n"}
,{"stream_name":"stdout","time":201.038023079,"data":"The complete dataset contains 1856 observations.\n"}
,{"stream_name":"stdout","time":203.650710445,"data":"The dataset contains 552 observations with contrails in them.\n"}
,{"stream_name":"stdout","time":203.650742067,"data":"CPU times: user 772 ms, sys: 265 ms, total: 1.04 s\n"}
,{"stream_name":"stdout","time":203.650748492,"data":"Wall time: 2.82 s\n"}
,{"stream_name":"stderr","time":207.669613019,"data":"Traceback (most recent call last):\n"}
,{"stream_name":"stderr","time":207.669647322,"data":"  File \"\u003cstring\u003e\", line 1, in \u003cmodule\u003e\n"}
,{"stream_name":"stderr","time":207.67059557,"data":"  File \"/opt/conda/lib/python3.10/site-packages/papermill/execute.py\", line 128, in execute_notebook\n"}
,{"stream_name":"stderr","time":207.670973171,"data":"    raise_for_execution_errors(nb, output_path)\n"}
,{"stream_name":"stderr","time":207.670996136,"data":"  File \"/opt/conda/lib/python3.10/site-packages/papermill/execute.py\", line 232, in raise_for_execution_errors\n"}
,{"stream_name":"stderr","time":207.671281181,"data":"    raise error\n"}
,{"stream_name":"stderr","time":207.671502878,"data":"papermill.exceptions.PapermillExecutionError: \n"}
,{"stream_name":"stderr","time":207.671514642,"data":"---------------------------------------------------------------------------\n"}
,{"stream_name":"stderr","time":207.671519531,"data":"Exception encountered at \"In [25]\":\n"}
,{"stream_name":"stderr","time":207.671524206,"data":"---------------------------------------------------------------------------\n"}
,{"stream_name":"stderr","time":207.671528681,"data":"FileExistsError                           Traceback (most recent call last)\n"}
,{"stream_name":"stderr","time":207.671533106,"data":"Cell In[25], line 4\n"}
,{"stream_name":"stderr","time":207.671537656,"data":"      2 for path in sample_list_paths:\n"}
,{"stream_name":"stderr","time":207.671550002,"data":"      3     target_directory = f\"/kaggle/working/{path.split('/')[-1]}\"\n"}
,{"stream_name":"stderr","time":207.671555417,"data":"----\u003e 4     shutil.copytree(path, target_directory)\n"}
,{"stream_name":"stderr","time":207.671560779,"data":"\n"}
,{"stream_name":"stderr","time":207.671565024,"data":"File /opt/conda/lib/python3.10/shutil.py:559, in copytree(src, dst, symlinks, ignore, copy_function, ignore_dangling_symlinks, dirs_exist_ok)\n"}
,{"stream_name":"stderr","time":207.671569644,"data":"    557 with os.scandir(src) as itr:\n"}
,{"stream_name":"stderr","time":207.671574192,"data":"    558     entries = list(itr)\n"}
,{"stream_name":"stderr","time":207.671578323,"data":"--\u003e 559 return _copytree(entries=entries, src=src, dst=dst, symlinks=symlinks,\n"}
,{"stream_name":"stderr","time":207.671583106,"data":"    560                  ignore=ignore, copy_function=copy_function,\n"}
,{"stream_name":"stderr","time":207.671588719,"data":"    561                  ignore_dangling_symlinks=ignore_dangling_symlinks,\n"}
,{"stream_name":"stderr","time":207.671594057,"data":"    562                  dirs_exist_ok=dirs_exist_ok)\n"}
,{"stream_name":"stderr","time":207.671598247,"data":"\n"}
,{"stream_name":"stderr","time":207.671602349,"data":"File /opt/conda/lib/python3.10/shutil.py:457, in _copytree(entries, src, dst, symlinks, ignore, copy_function, ignore_dangling_symlinks, dirs_exist_ok)\n"}
,{"stream_name":"stderr","time":207.671608107,"data":"    454 else:\n"}
,{"stream_name":"stderr","time":207.67161238,"data":"    455     ignored_names = set()\n"}
,{"stream_name":"stderr","time":207.671627284,"data":"--\u003e 457 os.makedirs(dst, exist_ok=dirs_exist_ok)\n"}
,{"stream_name":"stderr","time":207.671632343,"data":"    458 errors = []\n"}
,{"stream_name":"stderr","time":207.671636569,"data":"    459 use_srcentry = copy_function is copy2 or copy_function is copy\n"}
,{"stream_name":"stderr","time":207.671641146,"data":"\n"}
,{"stream_name":"stderr","time":207.671645621,"data":"File /opt/conda/lib/python3.10/os.py:225, in makedirs(name, mode, exist_ok)\n"}
,{"stream_name":"stderr","time":207.671650169,"data":"    223         return\n"}
,{"stream_name":"stderr","time":207.671654601,"data":"    224 try:\n"}
,{"stream_name":"stderr","time":207.671665869,"data":"--\u003e 225     mkdir(name, mode)\n"}
,{"stream_name":"stderr","time":207.671670577,"data":"    226 except OSError:\n"}
,{"stream_name":"stderr","time":207.671675169,"data":"    227     # Cannot rely on checking for EEXIST, since the operating system\n"}
,{"stream_name":"stderr","time":207.671679872,"data":"    228     # could give priority to other errors like EACCES or EROFS\n"}
,{"stream_name":"stderr","time":207.671684877,"data":"    229     if not exist_ok or not path.isdir(name):\n"}
,{"stream_name":"stderr","time":207.671689301,"data":"\n"}
,{"stream_name":"stderr","time":207.671693787,"data":"FileExistsError: [Errno 17] File exists: '/kaggle/working/6558861185867890815'\n"}
,{"stream_name":"stderr","time":207.671698339,"data":"\n"}
,{"stream_name":"stderr","time":209.62813692,"data":"/opt/conda/lib/python3.10/site-packages/traitlets/traitlets.py:2930: FutureWarning: --Exporter.preprocessors=[\"remove_papermill_header.RemovePapermillHeader\"] for containers is deprecated in traitlets 5.0. You can pass `--Exporter.preprocessors item` ... multiple times to add items to a list.\n"}
,{"stream_name":"stderr","time":209.628207974,"data":"  warn(\n"}
,{"stream_name":"stderr","time":209.633636152,"data":"[NbConvertApp] WARNING | Config option `kernel_spec_manager_class` not recognized by `NbConvertApp`.\n"}
,{"stream_name":"stderr","time":209.662284931,"data":"[NbConvertApp] Converting notebook __notebook__.ipynb to notebook\n"}
,{"stream_name":"stderr","time":210.147168979,"data":"[NbConvertApp] Writing 112450 bytes to __notebook__.ipynb\n"}
,{"stream_name":"stderr","time":211.875151455,"data":"/opt/conda/lib/python3.10/site-packages/traitlets/traitlets.py:2930: FutureWarning: --Exporter.preprocessors=[\"nbconvert.preprocessors.ExtractOutputPreprocessor\"] for containers is deprecated in traitlets 5.0. You can pass `--Exporter.preprocessors item` ... multiple times to add items to a list.\n"}
,{"stream_name":"stderr","time":211.875214971,"data":"  warn(\n"}
,{"stream_name":"stderr","time":211.877916325,"data":"[NbConvertApp] WARNING | Config option `kernel_spec_manager_class` not recognized by `NbConvertApp`.\n"}
,{"stream_name":"stderr","time":211.912039553,"data":"[NbConvertApp] Converting notebook __notebook__.ipynb to html\n"}
,{"stream_name":"stderr","time":212.977558816,"data":"[NbConvertApp] Writing 445840 bytes to __results__.html\n"}
]